The system is: Windows - 6.1.7601 - AMD64
Compiling the C compiler identification source file "CMakeCCompilerId.c" succeeded.
Compiler: C:/Program Files (x86)/Microsoft Visual Studio/2017/Community/VC/Tools/MSVC/14.15.26726/bin/Hostx86/x86/cl.exe 
Build flags: 
Id flags:  

The output was:
0
Microsoft (R) C/C++ Optimizing Compiler Version 19.15.26732.1 for x86
Copyright (C) Microsoft Corporation.  All rights reserved.

CMakeCCompilerId.c
Microsoft (R) Incremental Linker Version 14.15.26732.1
Copyright (C) Microsoft Corporation.  All rights reserved.

/out:CMakeCCompilerId.exe 
CMakeCCompilerId.obj 


Compilation of the C compiler identification source "CMakeCCompilerId.c" produced "CMakeCCompilerId.exe"

Compilation of the C compiler identification source "CMakeCCompilerId.c" produced "CMakeCCompilerId.obj"

The C compiler identification is MSVC, found in "C:/Users/Desta/Desktop/School/Cpts360/Assignment7/mount_route.c/cmake-build-debug/CMakeFiles/3.12.3/CompilerIdC/CMakeCCompilerId.exe"

Determining if the C compiler works passed with the following output:
Change Dir: C:/Users/Desta/Desktop/School/Cpts360/Assignment7/mount_route.c/cmake-build-debug/CMakeFiles/CMakeTmp

Run Build Command:"nmake" "/nologo" "cmTC_dcb0a\fast"
	"C:\Program Files (x86)\Microsoft Visual Studio\2017\Community\VC\Tools\MSVC\14.15.26726\bin\HostX86\x86\nmake.exe" -f CMakeFiles\cmTC_dcb0a.dir\build.make /nologo -L                  CMakeFiles\cmTC_dcb0a.dir\build
Building C object CMakeFiles/cmTC_dcb0a.dir/testCCompiler.c.obj
	C:\PROGRA~2\MICROS~1\2017\COMMUN~1\VC\Tools\MSVC\1415~1.267\bin\Hostx86\x86\cl.exe @C:\Users\Desta\AppData\Local\Temp\nmD7CE.tmp
testCCompiler.c
Linking C executable cmTC_dcb0a.exe
	"C:\Program Files\JetBrains\CLion 2018.2.6\bin\cmake\win\bin\cmake.exe" -E vs_link_exe --intdir=CMakeFiles\cmTC_dcb0a.dir --manifests  -- C:\PROGRA~2\MICROS~1\2017\COMMUN~1\VC\Tools\MSVC\1415~1.267\bin\Hostx86\x86\link.exe /nologo @CMakeFiles\cmTC_dcb0a.dir\objects1.rsp @C:\Users\Desta\AppData\Local\Temp\nmD9B3.tmp


Detecting C compiler ABI info compiled with the following output:
Change Dir: C:/Users/Desta/Desktop/School/Cpts360/Assignment7/mount_route.c/cmake-build-debug/CMakeFiles/CMakeTmp

Run Build Command:"nmake" "/nologo" "cmTC_1500f\fast"
	"C:\Program Files (x86)\Microsoft Visual Studio\2017\Community\VC\Tools\MSVC\14.15.26726\bin\HostX86\x86\nmake.exe" -f CMakeFiles\cmTC_1500f.dir\build.make /nologo -L                  CMakeFiles\cmTC_1500f.dir\build
Building C object CMakeFiles/cmTC_1500f.dir/CMakeCCompilerABI.c.obj
	C:\PROGRA~2\MICROS~1\2017\COMMUN~1\VC\Tools\MSVC\1415~1.267\bin\Hostx86\x86\cl.exe @C:\Users\Desta\AppData\Local\Temp\nmE565.tmp
CMakeCCompilerABI.c
Linking C executable cmTC_1500f.exe
	"C:\Program Files\JetBrains\CLion 2018.2.6\bin\cmake\win\bin\cmake.exe" -E vs_link_exe --intdir=CMakeFiles\cmTC_1500f.dir --manifests  -- C:\PROGRA~2\MICROS~1\2017\COMMUN~1\VC\Tools\MSVC\1415~1.267\bin\Hostx86\x86\link.exe /nologo @CMakeFiles\cmTC_1500f.dir\objects1.rsp @C:\Users\Desta\AppData\Local\Temp\nmE73A.tmp




Detecting C [] compiler features compiled with the following output:
Change Dir: C:/Users/Desta/Desktop/School/Cpts360/Assignment7/mount_route.c/cmake-build-debug/CMakeFiles/CMakeTmp

Run Build Command:"nmake" "/nologo" "cmTC_b5933\fast"
	"C:\Program Files (x86)\Microsoft Visual Studio\2017\Community\VC\Tools\MSVC\14.15.26726\bin\HostX86\x86\nmake.exe" -f CMakeFiles\cmTC_b5933.dir\build.make /nologo -L                  CMakeFiles\cmTC_b5933.dir\build
Building C object CMakeFiles/cmTC_b5933.dir/feature_tests.c.obj
	C:\PROGRA~2\MICROS~1\2017\COMMUN~1\VC\Tools\MSVC\1415~1.267\bin\Hostx86\x86\cl.exe @C:\Users\Desta\AppData\Local\Temp\nmECF3.tmp
feature_tests.c
Linking C executable cmTC_b5933.exe
	"C:\Program Files\JetBrains\CLion 2018.2.6\bin\cmake\win\bin\cmake.exe" -E vs_link_exe --intdir=CMakeFiles\cmTC_b5933.dir --manifests  -- C:\PROGRA~2\MICROS~1\2017\COMMUN~1\VC\Tools\MSVC\1415~1.267\bin\Hostx86\x86\link.exe /nologo @CMakeFiles\cmTC_b5933.dir\objects1.rsp @C:\Users\Desta\AppData\Local\Temp\nmED42.tmp


    Feature record: C_FEATURE:1c_function_prototypes
    Feature record: C_FEATURE:1c_variadic_macros
